[2019Feb17 12:17:29,732][INFO ][1550414525932_584121784813][configurarLogger BSSIntLogger.java:67][APLICACION: ConsultaLineaCompleta - VERSION: 1.0]
[2019Feb17 12:17:29,734][INFO ][1550414525932_584121784813][configurarLogger BSSIntLogger.java:69][DESCRIPCION: Servicios de Integracion - Servicio de consulta de linea]
[2019Feb17 12:17:29,737][INFO ][1550422049737][doPost ConsultaLineaServlet.java:55][XML Recibido: <?xml version="1.0" encoding="UTF-8"?>
<EAIMessage MessageId="" IntObjectName="PTSVQRYSERPRE">
	<IBX_ADP_IN_PARAMETERS>
		<PARAM name="SUBSYS" value="SIEBEL"/>        
		<PARAM name="MSISDN" value="584129550011"/>
	</IBX_ADP_IN_PARAMETERS>
</EAIMessage>]
[2019Feb17 12:17:29,758][DEBUG][1550422049737][compileCmd NameSustitutionCmdAdapter.java:50][Iniciando proceso de compilacion de comando: <?xml version="1.0" encoding="UTF-8" ?> 
<EAIMessage IntObjectName="" MessageId="">
	<IBX_ADP_OUT_PARAMETERS>
		<PARAM name="ERROR_CODE" value="${ERROR_CODE}" /> 
		<PARAM name="ERROR_DESCRIPTION" value="${ERROR_DESCRIPTION}" /> 
	</IBX_ADP_OUT_PARAMETERS>
</EAIMessage>]
[2019Feb17 12:17:29,760][DEBUG][1550422049737][compileCmd NameSustitutionCmdAdapter.java:83][Componente CONSTANTE encontrado: <?xml version="1.0" encoding="UTF-8" ?> 
<EAIMessage IntObjectName="" MessageId="">
	<IBX_ADP_OUT_PARAMETERS>
		<PARAM name="ERROR_CODE" value="]
[2019Feb17 12:17:29,769][DEBUG][1550422049737][compileCmd NameSustitutionCmdAdapter.java:63][Componente VARIABLE encontrado: ERROR_CODE]
[2019Feb17 12:17:29,775][DEBUG][1550422049737][compileCmd NameSustitutionCmdAdapter.java:74][Componente CONSTANTE encontrado: " /> 
		<PARAM name="ERROR_DESCRIPTION" value="]
[2019Feb17 12:17:29,776][DEBUG][1550422049737][compileCmd NameSustitutionCmdAdapter.java:63][Componente VARIABLE encontrado: ERROR_DESCRIPTION]
[2019Feb17 12:17:29,777][DEBUG][1550422049737][compileCmd NameSustitutionCmdAdapter.java:74][Componente CONSTANTE encontrado: " /> 
	</IBX_ADP_OUT_PARAMETERS>
</EAIMessage>]
[2019Feb17 12:17:29,781][DEBUG][1550422049737][compileCmd NameSustitutionCmdAdapter.java:50][Iniciando proceso de compilacion de comando: <?xml version="1.0" encoding="UTF-8"?>
<EAIMessage>
	<IBX_ADP_OUT_PARAMETERS>
		<PARAM name="OPERATION_TYPE" value="-1" />
		<PARAM name="ICCID" value="${ICCID}" />
		<PARAM name="MSISDN" value="${SubscriberID}" />
		<PARAM name="IMSI" value="${IMSI}" />
		<PARAM name="PIN" value="0000" />
		<PARAM name="PUK" value="${PUK}" />
		<PARAM name="PIN2" value="${PIN}" />
		<PARAM name="PUK2" value="${PUK2}" />
		<PARAM name="CATEGORY" value="0" />
		<PARAM name="STATE" value="${currentState}" />
		<PARAM name="MONEY_SITUATION" value="${MONEY_SITUATION}" />
		<PARAM name="CHANGE_SIM_CHARGE" value="0" />
		<PARAM name="SERVICEPROVIDERID" value="${SERVICEPROVIDERID}" />
		<PARAM name="INSTALL_DATE" value="${INSTALL_DATE}" />
		<PARAM name="ACTIVE_DATE" value="${ACTIVE_DATE}" />
		<PARAM name="DEACTIVATED" value="" />
		<PARAM name="DEACTIVE_DATE" value="${DEACTIVATED}" />
		<PARAM name="EXPIRED_REASON" value="" />
		<PARAM name="EXPIRY_DATE" value="20320628235959" />
		<PARAM name="INFORMEDMESSAGEID" value="1" />
		<PARAM name="LANGUAGE_ID" value="${LANGUAGE_ID}" />
		<PARAM name="TARIFFID" value="${PRODUCT_DESC_CERO}" />
		<PARAM name="NUM_CH_TAR" value="0" />
		<PARAM name="CH_TAR_DATE" value="" />
		<PARAM name="SERVICES" value="" />
		<PARAM name="NUMRELOADS" value="0" />
		<PARAM name="TYPEOFCARD" value="" />
		<PARAM name="NEW_SIM_ICCID" value="" />
		<PARAM name="NEW_IMSI_NRC_L" value="" />
		<PARAM name="CARDPHASE" value="" />
		<PARAM name="LAST_CALLDATE" value="${LAST_CALL_DATE}" />
		<PARAM name="DISTRICT" value="" />
		<PARAM name="NUM_DISTRICTS" value="0" />
		<PARAM name="LAST_CH_DISTRICT" value="" />
		<PARAM name="AST_STATE" value="0" />
		<PARAM name="NUM_BILLED_SMS" value="0" />
		<PARAM name="NUM_FREE_SMS" value="${NUM_FREE_SMS}" />
		<PARAM name="ACCESORY_EDATE" value="" />
		<PARAM name="DEBITCO" value="0.000000" />
		<PARAM name="BONUS1" value="${BONUS1}" />
		<PARAM name="BONUS2" value="${BONUS2}" />
		<PARAM name="NUM_FREE_SECONDS" value="${NUM_FREE_SECONDS}" />
		<PARAM name="CARD_FEATURES" value="00000000" />
		<PARAM name="SERVCARD_EDATE2" value="" />
		<PARAM name="SERVCARD_EDATE5" value="" />
		<PARAM name="SERVCARD_EDATE1" value="" />
		<PARAM name="SERVCARD_EDATE3" value="" />
		<PARAM name="SERVCARD_EDATE4" value="" />
		<PARAM name="RET_BONUS" value="${RET_BONUS}" />
		<PARAM name="TYPE_OF_BONUS" value="" />
		<PARAM name="TYPE_OF_LIST" value="" />
		<PARAM name="RET_BONUS_EDATE" value="${RET_BONUS_EDATE}" />
		<PARAM name="ERROR_CODE" value="0" />
		<PARAM name="ERROR_DESCRIPTION" value="OK" />
		<RECORD name="PRODUCT" value="0">
			<PARAM name="PRODUCT_NAME" value="${PRODUCT_NAME_CERO}" />
			<PARAM name="PRODUCT_DESC" value="${PRODUCT_DESC_CERO}" />
			<PARAM name="PRODUCT_STATUS" value="Activo" />
			<PARAM name="SUBSTATUS" value="0" />
			<PARAM name="ACT_DATE" value="${ACT_DATE}" />
			<PARAM name="LAST_ACT_DATE" value="${LAST_ACT_DATE}" />
			<PARAM name="EXP_DATE" value="20320628235959" />
			<PARAM name="MINIDEACTIVATION_DATE" value="" />
			<PARAM name="OLDTRAFFIC_ID" value="" />
			<PARAM name="SERVICE_BIT" value="" />
			<PARAM name="FRIENDS_FLAG" value="" />
			<PARAM name="RENEWAL_ATTEMPTS" value="0" />
			<PARAM name="RENEWAL_PERIOD" value="${RENEWAL_PERIOD}" />
			<PARAM name="RENEWAL_DAY" value="${RENEWAL_DAY}" />
		</RECORD>
]
[2019Feb17 12:17:29,782][DEBUG][1550422049737][compileCmd NameSustitutionCmdAdapter.java:83][Componente CONSTANTE encontrado: <?xml version="1.0" encoding="UTF-8"?>
<EAIMessage>
	<IBX_ADP_OUT_PARAMETERS>
		<PARAM name="OPERATION_TYPE" value="-1" />
		<PARAM name="ICCID" value="]
[2019Feb17 12:17:29,784][DEBUG][1550422049737][compileCmd NameSustitutionCmdAdapter.java:63][Componente VARIABLE encontrado: ICCID]
[2019Feb17 12:17:29,785][DEBUG][1550422049737][compileCmd NameSustitutionCmdAdapter.java:74][Componente CONSTANTE encontrado: " />
		<PARAM name="MSISDN" value="]
[2019Feb17 12:17:29,787][DEBUG][1550422049737][compileCmd NameSustitutionCmdAdapter.java:63][Componente VARIABLE encontrado: SubscriberID]
[2019Feb17 12:17:29,788][DEBUG][1550422049737][compileCmd NameSustitutionCmdAdapter.java:74][Componente CONSTANTE encontrado: " />
		<PARAM name="IMSI" value="]
[2019Feb17 12:17:29,789][DEBUG][1550422049737][compileCmd NameSustitutionCmdAdapter.java:63][Componente VARIABLE encontrado: IMSI]
[2019Feb17 12:17:29,791][DEBUG][1550422049737][compileCmd NameSustitutionCmdAdapter.java:74][Componente CONSTANTE encontrado: " />
		<PARAM name="PIN" value="0000" />
		<PARAM name="PUK" value="]
[2019Feb17 12:17:29,792][DEBUG][1550422049737][compileCmd NameSustitutionCmdAdapter.java:63][Componente VARIABLE encontrado: PUK]
[2019Feb17 12:17:29,793][DEBUG][1550422049737][compileCmd NameSustitutionCmdAdapter.java:74][Componente CONSTANTE encontrado: " />
		<PARAM name="PIN2" value="]
[2019Feb17 12:17:29,795][DEBUG][1550422049737][compileCmd NameSustitutionCmdAdapter.java:63][Componente VARIABLE encontrado: PIN]
[2019Feb17 12:17:29,796][DEBUG][1550422049737][compileCmd NameSustitutionCmdAdapter.java:74][Componente CONSTANTE encontrado: " />
		<PARAM name="PUK2" value="]
[2019Feb17 12:17:29,797][DEBUG][1550422049737][compileCmd NameSustitutionCmdAdapter.java:63][Componente VARIABLE encontrado: PUK2]
[2019Feb17 12:17:29,799][DEBUG][1550422049737][compileCmd NameSustitutionCmdAdapter.java:74][Componente CONSTANTE encontrado: " />
		<PARAM name="CATEGORY" value="0" />
		<PARAM name="STATE" value="]
[2019Feb17 12:17:29,800][DEBUG][1550422049737][compileCmd NameSustitutionCmdAdapter.java:63][Componente VARIABLE encontrado: currentState]
[2019Feb17 12:17:29,801][DEBUG][1550422049737][compileCmd NameSustitutionCmdAdapter.java:74][Componente CONSTANTE encontrado: " />
		<PARAM name="MONEY_SITUATION" value="]
[2019Feb17 12:17:29,803][DEBUG][1550422049737][compileCmd NameSustitutionCmdAdapter.java:63][Componente VARIABLE encontrado: MONEY_SITUATION]
[2019Feb17 12:17:29,804][DEBUG][1550422049737][compileCmd NameSustitutionCmdAdapter.java:74][Componente CONSTANTE encontrado: " />
		<PARAM name="CHANGE_SIM_CHARGE" value="0" />
		<PARAM name="SERVICEPROVIDERID" value="]
[2019Feb17 12:17:29,806][DEBUG][1550422049737][compileCmd NameSustitutionCmdAdapter.java:63][Componente VARIABLE encontrado: SERVICEPROVIDERID]
[2019Feb17 12:17:29,807][DEBUG][1550422049737][compileCmd NameSustitutionCmdAdapter.java:74][Componente CONSTANTE encontrado: " />
		<PARAM name="INSTALL_DATE" value="]
[2019Feb17 12:17:29,808][DEBUG][1550422049737][compileCmd NameSustitutionCmdAdapter.java:63][Componente VARIABLE encontrado: INSTALL_DATE]
[2019Feb17 12:17:29,810][DEBUG][1550422049737][compileCmd NameSustitutionCmdAdapter.java:74][Componente CONSTANTE encontrado: " />
		<PARAM name="ACTIVE_DATE" value="]
[2019Feb17 12:17:29,811][DEBUG][1550422049737][compileCmd NameSustitutionCmdAdapter.java:63][Componente VARIABLE encontrado: ACTIVE_DATE]
[2019Feb17 12:17:29,812][DEBUG][1550422049737][compileCmd NameSustitutionCmdAdapter.java:74][Componente CONSTANTE encontrado: " />
		<PARAM name="DEACTIVATED" value="" />
		<PARAM name="DEACTIVE_DATE" value="]
[2019Feb17 12:17:29,814][DEBUG][1550422049737][compileCmd NameSustitutionCmdAdapter.java:63][Componente VARIABLE encontrado: DEACTIVATED]
[2019Feb17 12:17:29,815][DEBUG][1550422049737][compileCmd NameSustitutionCmdAdapter.java:74][Componente CONSTANTE encontrado: " />
		<PARAM name="EXPIRED_REASON" value="" />
		<PARAM name="EXPIRY_DATE" value="20320628235959" />
		<PARAM name="INFORMEDMESSAGEID" value="1" />
		<PARAM name="LANGUAGE_ID" value="]
[2019Feb17 12:17:29,817][DEBUG][1550422049737][compileCmd NameSustitutionCmdAdapter.java:63][Componente VARIABLE encontrado: LANGUAGE_ID]
[2019Feb17 12:17:29,818][DEBUG][1550422049737][compileCmd NameSustitutionCmdAdapter.java:74][Componente CONSTANTE encontrado: " />
		<PARAM name="TARIFFID" value="]
[2019Feb17 12:17:29,819][DEBUG][1550422049737][compileCmd NameSustitutionCmdAdapter.java:63][Componente VARIABLE encontrado: PRODUCT_DESC_CERO]
[2019Feb17 12:17:29,821][DEBUG][1550422049737][compileCmd NameSustitutionCmdAdapter.java:74][Componente CONSTANTE encontrado: " />
		<PARAM name="NUM_CH_TAR" value="0" />
		<PARAM name="CH_TAR_DATE" value="" />
		<PARAM name="SERVICES" value="" />
		<PARAM name="NUMRELOADS" value="0" />
		<PARAM name="TYPEOFCARD" value="" />
		<PARAM name="NEW_SIM_ICCID" value="" />
		<PARAM name="NEW_IMSI_NRC_L" value="" />
		<PARAM name="CARDPHASE" value="" />
		<PARAM name="LAST_CALLDATE" value="]
[2019Feb17 12:17:29,822][DEBUG][1550422049737][compileCmd NameSustitutionCmdAdapter.java:63][Componente VARIABLE encontrado: LAST_CALL_DATE]
[2019Feb17 12:17:29,824][DEBUG][1550422049737][compileCmd NameSustitutionCmdAdapter.java:74][Componente CONSTANTE encontrado: " />
		<PARAM name="DISTRICT" value="" />
		<PARAM name="NUM_DISTRICTS" value="0" />
		<PARAM name="LAST_CH_DISTRICT" value="" />
		<PARAM name="AST_STATE" value="0" />
		<PARAM name="NUM_BILLED_SMS" value="0" />
		<PARAM name="NUM_FREE_SMS" value="]
[2019Feb17 12:17:29,825][DEBUG][1550422049737][compileCmd NameSustitutionCmdAdapter.java:63][Componente VARIABLE encontrado: NUM_FREE_SMS]
[2019Feb17 12:17:29,827][DEBUG][1550422049737][compileCmd NameSustitutionCmdAdapter.java:74][Componente CONSTANTE encontrado: " />
		<PARAM name="ACCESORY_EDATE" value="" />
		<PARAM name="DEBITCO" value="0.000000" />
		<PARAM name="BONUS1" value="]
[2019Feb17 12:17:29,828][DEBUG][1550422049737][compileCmd NameSustitutionCmdAdapter.java:63][Componente VARIABLE encontrado: BONUS1]
[2019Feb17 12:17:29,829][DEBUG][1550422049737][compileCmd NameSustitutionCmdAdapter.java:74][Componente CONSTANTE encontrado: " />
		<PARAM name="BONUS2" value="]
[2019Feb17 12:17:29,831][DEBUG][1550422049737][compileCmd NameSustitutionCmdAdapter.java:63][Componente VARIABLE encontrado: BONUS2]
[2019Feb17 12:17:29,832][DEBUG][1550422049737][compileCmd NameSustitutionCmdAdapter.java:74][Componente CONSTANTE encontrado: " />
		<PARAM name="NUM_FREE_SECONDS" value="]
[2019Feb17 12:17:29,833][DEBUG][1550422049737][compileCmd NameSustitutionCmdAdapter.java:63][Componente VARIABLE encontrado: NUM_FREE_SECONDS]
[2019Feb17 12:17:29,835][DEBUG][1550422049737][compileCmd NameSustitutionCmdAdapter.java:74][Componente CONSTANTE encontrado: " />
		<PARAM name="CARD_FEATURES" value="00000000" />
		<PARAM name="SERVCARD_EDATE2" value="" />
		<PARAM name="SERVCARD_EDATE5" value="" />
		<PARAM name="SERVCARD_EDATE1" value="" />
		<PARAM name="SERVCARD_EDATE3" value="" />
		<PARAM name="SERVCARD_EDATE4" value="" />
		<PARAM name="RET_BONUS" value="]
[2019Feb17 12:17:29,836][DEBUG][1550422049737][compileCmd NameSustitutionCmdAdapter.java:63][Componente VARIABLE encontrado: RET_BONUS]
[2019Feb17 12:17:29,838][DEBUG][1550422049737][compileCmd NameSustitutionCmdAdapter.java:74][Componente CONSTANTE encontrado: " />
		<PARAM name="TYPE_OF_BONUS" value="" />
		<PARAM name="TYPE_OF_LIST" value="" />
		<PARAM name="RET_BONUS_EDATE" value="]
[2019Feb17 12:17:29,839][DEBUG][1550422049737][compileCmd NameSustitutionCmdAdapter.java:63][Componente VARIABLE encontrado: RET_BONUS_EDATE]
[2019Feb17 12:17:29,840][DEBUG][1550422049737][compileCmd NameSustitutionCmdAdapter.java:74][Componente CONSTANTE encontrado: " />
		<PARAM name="ERROR_CODE" value="0" />
		<PARAM name="ERROR_DESCRIPTION" value="OK" />
		<RECORD name="PRODUCT" value="0">
			<PARAM name="PRODUCT_NAME" value="]
[2019Feb17 12:17:29,842][DEBUG][1550422049737][compileCmd NameSustitutionCmdAdapter.java:63][Componente VARIABLE encontrado: PRODUCT_NAME_CERO]
[2019Feb17 12:17:29,843][DEBUG][1550422049737][compileCmd NameSustitutionCmdAdapter.java:74][Componente CONSTANTE encontrado: " />
			<PARAM name="PRODUCT_DESC" value="]
[2019Feb17 12:17:29,845][DEBUG][1550422049737][compileCmd NameSustitutionCmdAdapter.java:63][Componente VARIABLE encontrado: PRODUCT_DESC_CERO]
[2019Feb17 12:17:29,846][DEBUG][1550422049737][compileCmd NameSustitutionCmdAdapter.java:74][Componente CONSTANTE encontrado: " />
			<PARAM name="PRODUCT_STATUS" value="Activo" />
			<PARAM name="SUBSTATUS" value="0" />
			<PARAM name="ACT_DATE" value="]
[2019Feb17 12:17:29,847][DEBUG][1550422049737][compileCmd NameSustitutionCmdAdapter.java:63][Componente VARIABLE encontrado: ACT_DATE]
[2019Feb17 12:17:29,849][DEBUG][1550422049737][compileCmd NameSustitutionCmdAdapter.java:74][Componente CONSTANTE encontrado: " />
			<PARAM name="LAST_ACT_DATE" value="]
[2019Feb17 12:17:29,850][DEBUG][1550422049737][compileCmd NameSustitutionCmdAdapter.java:63][Componente VARIABLE encontrado: LAST_ACT_DATE]
[2019Feb17 12:17:29,851][DEBUG][1550422049737][compileCmd NameSustitutionCmdAdapter.java:74][Componente CONSTANTE encontrado: " />
			<PARAM name="EXP_DATE" value="20320628235959" />
			<PARAM name="MINIDEACTIVATION_DATE" value="" />
			<PARAM name="OLDTRAFFIC_ID" value="" />
			<PARAM name="SERVICE_BIT" value="" />
			<PARAM name="FRIENDS_FLAG" value="" />
			<PARAM name="RENEWAL_ATTEMPTS" value="0" />
			<PARAM name="RENEWAL_PERIOD" value="]
[2019Feb17 12:17:29,853][DEBUG][1550422049737][compileCmd NameSustitutionCmdAdapter.java:63][Componente VARIABLE encontrado: RENEWAL_PERIOD]
[2019Feb17 12:17:29,854][DEBUG][1550422049737][compileCmd NameSustitutionCmdAdapter.java:74][Componente CONSTANTE encontrado: " />
			<PARAM name="RENEWAL_DAY" value="]
[2019Feb17 12:17:29,856][DEBUG][1550422049737][compileCmd NameSustitutionCmdAdapter.java:63][Componente VARIABLE encontrado: RENEWAL_DAY]
[2019Feb17 12:17:29,857][DEBUG][1550422049737][compileCmd NameSustitutionCmdAdapter.java:74][Componente CONSTANTE encontrado: " />
		</RECORD>
]
[2019Feb17 12:17:29,860][DEBUG][1550422049737][compileCmd NameSustitutionCmdAdapter.java:50][Iniciando proceso de compilacion de comando: 		<RECORD name="PRODUCT" value="${PRODUCT}">
			<PARAM name="PRODUCT_NAME" value="${PRODUCT_NAME}" />
			<PARAM name="PRODUCT_DESC" value="${PRODUCT_DESC}" />
			<PARAM name="PRODUCT_STATUS" value="${PRODUCT_STATUS}" />
			<PARAM name="SUBSTATUS" value="0" />
			<PARAM name="ACT_DATE" value="${ACT_DATE}" />
			<PARAM name="LAST_ACT_DATE" value="${LAST_ACT_DATE}" />
			<PARAM name="EXP_DATE" value="${EXP_DATE}" />
			<PARAM name="MINIDEACTIVATION_DATE" value="" />
			<PARAM name="OLDTRAFFIC_ID" value="" />
			<PARAM name="SERVICE_BIT" value="" />
			<PARAM name="FRIENDS_FLAG" value="" />
			<PARAM name="RENEWAL_ATTEMPTS" value="" />
			<PARAM name="RENEWAL_PERIOD" value="${RENEWAL_PERIOD}" />
			<PARAM name="RENEWAL_DAY" value="${RENEWAL_DAY}" />
		</RECORD>
]
[2019Feb17 12:17:29,861][DEBUG][1550422049737][compileCmd NameSustitutionCmdAdapter.java:83][Componente CONSTANTE encontrado: 		<RECORD name="PRODUCT" value="]
[2019Feb17 12:17:29,862][DEBUG][1550422049737][compileCmd NameSustitutionCmdAdapter.java:63][Componente VARIABLE encontrado: PRODUCT]
[2019Feb17 12:17:29,864][DEBUG][1550422049737][compileCmd NameSustitutionCmdAdapter.java:74][Componente CONSTANTE encontrado: ">
			<PARAM name="PRODUCT_NAME" value="]
[2019Feb17 12:17:29,865][DEBUG][1550422049737][compileCmd NameSustitutionCmdAdapter.java:63][Componente VARIABLE encontrado: PRODUCT_NAME]
[2019Feb17 12:17:29,866][DEBUG][1550422049737][compileCmd NameSustitutionCmdAdapter.java:74][Componente CONSTANTE encontrado: " />
			<PARAM name="PRODUCT_DESC" value="]
[2019Feb17 12:17:29,868][DEBUG][1550422049737][compileCmd NameSustitutionCmdAdapter.java:63][Componente VARIABLE encontrado: PRODUCT_DESC]
[2019Feb17 12:17:29,869][DEBUG][1550422049737][compileCmd NameSustitutionCmdAdapter.java:74][Componente CONSTANTE encontrado: " />
			<PARAM name="PRODUCT_STATUS" value="]
[2019Feb17 12:17:29,871][DEBUG][1550422049737][compileCmd NameSustitutionCmdAdapter.java:63][Componente VARIABLE encontrado: PRODUCT_STATUS]
[2019Feb17 12:17:29,872][DEBUG][1550422049737][compileCmd NameSustitutionCmdAdapter.java:74][Componente CONSTANTE encontrado: " />
			<PARAM name="SUBSTATUS" value="0" />
			<PARAM name="ACT_DATE" value="]
[2019Feb17 12:17:29,873][DEBUG][1550422049737][compileCmd NameSustitutionCmdAdapter.java:63][Componente VARIABLE encontrado: ACT_DATE]
[2019Feb17 12:17:29,875][DEBUG][1550422049737][compileCmd NameSustitutionCmdAdapter.java:74][Componente CONSTANTE encontrado: " />
			<PARAM name="LAST_ACT_DATE" value="]
[2019Feb17 12:17:29,876][DEBUG][1550422049737][compileCmd NameSustitutionCmdAdapter.java:63][Componente VARIABLE encontrado: LAST_ACT_DATE]
[2019Feb17 12:17:29,877][DEBUG][1550422049737][compileCmd NameSustitutionCmdAdapter.java:74][Componente CONSTANTE encontrado: " />
			<PARAM name="EXP_DATE" value="]
[2019Feb17 12:17:29,879][DEBUG][1550422049737][compileCmd NameSustitutionCmdAdapter.java:63][Componente VARIABLE encontrado: EXP_DATE]
[2019Feb17 12:17:29,880][DEBUG][1550422049737][compileCmd NameSustitutionCmdAdapter.java:74][Componente CONSTANTE encontrado: " />
			<PARAM name="MINIDEACTIVATION_DATE" value="" />
			<PARAM name="OLDTRAFFIC_ID" value="" />
			<PARAM name="SERVICE_BIT" value="" />
			<PARAM name="FRIENDS_FLAG" value="" />
			<PARAM name="RENEWAL_ATTEMPTS" value="" />
			<PARAM name="RENEWAL_PERIOD" value="]
[2019Feb17 12:17:29,882][DEBUG][1550422049737][compileCmd NameSustitutionCmdAdapter.java:63][Componente VARIABLE encontrado: RENEWAL_PERIOD]
[2019Feb17 12:17:29,883][DEBUG][1550422049737][compileCmd NameSustitutionCmdAdapter.java:74][Componente CONSTANTE encontrado: " />
			<PARAM name="RENEWAL_DAY" value="]
[2019Feb17 12:17:29,884][DEBUG][1550422049737][compileCmd NameSustitutionCmdAdapter.java:63][Componente VARIABLE encontrado: RENEWAL_DAY]
[2019Feb17 12:17:29,886][DEBUG][1550422049737][compileCmd NameSustitutionCmdAdapter.java:74][Componente CONSTANTE encontrado: " />
		</RECORD>
]
[2019Feb17 12:17:29,888][DEBUG][1550422049737][compileCmd NameSustitutionCmdAdapter.java:50][Iniciando proceso de compilacion de comando: 	</IBX_ADP_OUT_PARAMETERS>
</EAIMessage>]
[2019Feb17 12:17:29,889][DEBUG][1550422049737][compileCmd NameSustitutionCmdAdapter.java:83][Componente CONSTANTE encontrado: 	</IBX_ADP_OUT_PARAMETERS>
</EAIMessage>]
[2019Feb17 12:17:29,892][DEBUG][1550422049737][compileCmd NameSustitutionCmdAdapter.java:50][Iniciando proceso de compilacion de comando: <?xml version="1.0" encoding="UTF-8" ?>
<EAIMessage IntObjectName="" MessageId="">
	<IBX_ADP_OUT_PARAMETERS>
		<PARAM name="MSISDN" value="${SubscriberID}" />
		<PARAM name="IMSI" value="${IMSI}" />
		<PARAM name="STATE" value="${currentState}" />
		<PARAM name="MONEY_SITUATION" value="${MONEY_SITUATION}" />
		<PARAM name="ERROR_CODE" value="0" />
		<PARAM name="ERROR_DESCRIPTION" value="OK" />
	</IBX_ADP_OUT_PARAMETERS>
</EAIMessage>]
[2019Feb17 12:17:29,893][DEBUG][1550422049737][compileCmd NameSustitutionCmdAdapter.java:83][Componente CONSTANTE encontrado: <?xml version="1.0" encoding="UTF-8" ?>
<EAIMessage IntObjectName="" MessageId="">
	<IBX_ADP_OUT_PARAMETERS>
		<PARAM name="MSISDN" value="]
[2019Feb17 12:17:29,894][DEBUG][1550422049737][compileCmd NameSustitutionCmdAdapter.java:63][Componente VARIABLE encontrado: SubscriberID]
[2019Feb17 12:17:29,896][DEBUG][1550422049737][compileCmd NameSustitutionCmdAdapter.java:74][Componente CONSTANTE encontrado: " />
		<PARAM name="IMSI" value="]
[2019Feb17 12:17:29,897][DEBUG][1550422049737][compileCmd NameSustitutionCmdAdapter.java:63][Componente VARIABLE encontrado: IMSI]
[2019Feb17 12:17:29,899][DEBUG][1550422049737][compileCmd NameSustitutionCmdAdapter.java:74][Componente CONSTANTE encontrado: " />
		<PARAM name="STATE" value="]
[2019Feb17 12:17:29,900][DEBUG][1550422049737][compileCmd NameSustitutionCmdAdapter.java:63][Componente VARIABLE encontrado: currentState]
[2019Feb17 12:17:29,901][DEBUG][1550422049737][compileCmd NameSustitutionCmdAdapter.java:74][Componente CONSTANTE encontrado: " />
		<PARAM name="MONEY_SITUATION" value="]
[2019Feb17 12:17:29,903][DEBUG][1550422049737][compileCmd NameSustitutionCmdAdapter.java:63][Componente VARIABLE encontrado: MONEY_SITUATION]
[2019Feb17 12:17:29,904][DEBUG][1550422049737][compileCmd NameSustitutionCmdAdapter.java:74][Componente CONSTANTE encontrado: " />
		<PARAM name="ERROR_CODE" value="0" />
		<PARAM name="ERROR_DESCRIPTION" value="OK" />
	</IBX_ADP_OUT_PARAMETERS>
</EAIMessage>]
[2019Feb17 12:17:29,910][DEBUG][1550422049737][getInstance FCController.java:147][ new Instance of ConsultaDeLinea with two Ccws Connections. ]
[2019Feb17 12:17:29,911][DEBUG][1550422049737][processRequest FCController.java:165][<?xml version="1.0" encoding="UTF-8"?>
<EAIMessage MessageId="" IntObjectName="PTSVQRYSERPRE">
	<IBX_ADP_IN_PARAMETERS>
		<PARAM name="SUBSYS" value="SIEBEL"/>        
		<PARAM name="MSISDN" value="584129550011"/>
	</IBX_ADP_IN_PARAMETERS>
</EAIMessage>]
[2019Feb17 12:17:29,912][DEBUG][1550422049737][processRequest FCController.java:175][PASO 1: Parser de XML de entrada y validacion de entrada]
[2019Feb17 12:17:29,924][DEBUG][1550422049737][buildRequest FCHelper.java:121][INICIO de parser XML de entrada]
[2019Feb17 12:17:30,398][DEBUG][584129550011_1550422049737][processRequest FCController.java:253][PASO 2: Consulta de datos linea RTBS]
[2019Feb17 12:17:30,413][DEBUG][584129550011_1550422049737][compileCmd NameSustitutionCmdAdapter.java:50][Iniciando proceso de compilacion de comando: <soapenv:Envelope xmlns:ccws="http://comverse-in.com/prepaid/ccws" xmlns:soapenv="http://schemas.xmlsoap.org/soap/envelope/">
   <soapenv:Header>
      <wsse:Security soapenv:mustUnderstand="1" xmlns:wsse="http://docs.oasis-open.org/wss/2004/01/oasis-200401-wss-wssecurity-secext-1.0.xsd">
         <wsse:UsernameToken wsu:Id="UsernameToken-18097747" xmlns:wsu="http://docs.oasis-open.org/wss/2004/01/oasis-200401-wss-wssecurity-utility-1.0.xsd">
            <wsse:Username>${username}</wsse:Username>
            <wsse:Password Type="http://docs.oasis-open.org/wss/2004/01/oasis-200401-wss-username-token-profile-1.0#PasswordText">${password}</wsse:Password>
            <wsse:Nonce>4cipKrJU1NirIj2eSceA7g==</wsse:Nonce>
            <wsu:Created>${date}</wsu:Created>
         </wsse:UsernameToken>
      </wsse:Security>
      <ccws:VersionInfoHeader>
         <!--Optional:-->
         <ccws:ProductVersion/>
         <!--Optional:-->
         <ccws:CustomerVersion/>
      </ccws:VersionInfoHeader>
   </soapenv:Header>
   <soapenv:Body>
      <ccws:RetrieveSubscriberWithIdentityNoHistory>
         <!--Optional:-->
         <ccws:subscriberID>${suscriberID}</ccws:subscriberID>
         <!--Optional:-->
         <ccws:identity/>
         <ccws:informationToRetrieve>13</ccws:informationToRetrieve>
      </ccws:RetrieveSubscriberWithIdentityNoHistory>
   </soapenv:Body>
</soapenv:Envelope>]
[2019Feb17 12:17:30,414][DEBUG][584129550011_1550422049737][compileCmd NameSustitutionCmdAdapter.java:83][Componente CONSTANTE encontrado: <soapenv:Envelope xmlns:ccws="http://comverse-in.com/prepaid/ccws" xmlns:soapenv="http://schemas.xmlsoap.org/soap/envelope/">
   <soapenv:Header>
      <wsse:Security soapenv:mustUnderstand="1" xmlns:wsse="http://docs.oasis-open.org/wss/2004/01/oasis-200401-wss-wssecurity-secext-1.0.xsd">
         <wsse:UsernameToken wsu:Id="UsernameToken-18097747" xmlns:wsu="http://docs.oasis-open.org/wss/2004/01/oasis-200401-wss-wssecurity-utility-1.0.xsd">
            <wsse:Username>]
[2019Feb17 12:17:30,416][DEBUG][584129550011_1550422049737][compileCmd NameSustitutionCmdAdapter.java:63][Componente VARIABLE encontrado: username]
[2019Feb17 12:17:30,417][DEBUG][584129550011_1550422049737][compileCmd NameSustitutionCmdAdapter.java:74][Componente CONSTANTE encontrado: </wsse:Username>
            <wsse:Password Type="http://docs.oasis-open.org/wss/2004/01/oasis-200401-wss-username-token-profile-1.0#PasswordText">]
[2019Feb17 12:17:30,419][DEBUG][584129550011_1550422049737][compileCmd NameSustitutionCmdAdapter.java:63][Componente VARIABLE encontrado: password]
[2019Feb17 12:17:30,420][DEBUG][584129550011_1550422049737][compileCmd NameSustitutionCmdAdapter.java:74][Componente CONSTANTE encontrado: </wsse:Password>
            <wsse:Nonce>4cipKrJU1NirIj2eSceA7g==</wsse:Nonce>
            <wsu:Created>]
[2019Feb17 12:17:30,422][DEBUG][584129550011_1550422049737][compileCmd NameSustitutionCmdAdapter.java:63][Componente VARIABLE encontrado: date]
[2019Feb17 12:17:30,423][DEBUG][584129550011_1550422049737][compileCmd NameSustitutionCmdAdapter.java:74][Componente CONSTANTE encontrado: </wsu:Created>
         </wsse:UsernameToken>
      </wsse:Security>
      <ccws:VersionInfoHeader>
         <!--Optional:-->
         <ccws:ProductVersion/>
         <!--Optional:-->
         <ccws:CustomerVersion/>
      </ccws:VersionInfoHeader>
   </soapenv:Header>
   <soapenv:Body>
      <ccws:RetrieveSubscriberWithIdentityNoHistory>
         <!--Optional:-->
         <ccws:subscriberID>]
[2019Feb17 12:17:30,425][DEBUG][584129550011_1550422049737][compileCmd NameSustitutionCmdAdapter.java:63][Componente VARIABLE encontrado: suscriberID]
[2019Feb17 12:17:30,426][DEBUG][584129550011_1550422049737][compileCmd NameSustitutionCmdAdapter.java:74][Componente CONSTANTE encontrado: </ccws:subscriberID>
         <!--Optional:-->
         <ccws:identity/>
         <ccws:informationToRetrieve>13</ccws:informationToRetrieve>
      </ccws:RetrieveSubscriberWithIdentityNoHistory>
   </soapenv:Body>
</soapenv:Envelope>]
[2019Feb17 12:17:34,047][INFO ][1550422054047][doPost ConsultaLineaServlet.java:55][XML Recibido: <?xml version="1.0" encoding="UTF-8"?>
<EAIMessage MessageId="" IntObjectName="PTSVQRYSERPRE">
	<IBX_ADP_IN_PARAMETERS>
		<PARAM name="SUBSYS" value="SIEBEL"/>        
		<PARAM name="MSISDN" value="584129550011"/>
	</IBX_ADP_IN_PARAMETERS>
</EAIMessage>]
[2019Feb17 12:17:34,049][DEBUG][1550422054047][getInstance FCController.java:147][ new Instance of ConsultaDeLinea with two Ccws Connections. ]
[2019Feb17 12:17:34,050][DEBUG][1550422054047][processRequest FCController.java:165][<?xml version="1.0" encoding="UTF-8"?>
<EAIMessage MessageId="" IntObjectName="PTSVQRYSERPRE">
	<IBX_ADP_IN_PARAMETERS>
		<PARAM name="SUBSYS" value="SIEBEL"/>        
		<PARAM name="MSISDN" value="584129550011"/>
	</IBX_ADP_IN_PARAMETERS>
</EAIMessage>]
[2019Feb17 12:17:34,051][DEBUG][1550422054047][processRequest FCController.java:175][PASO 1: Parser de XML de entrada y validacion de entrada]
[2019Feb17 12:17:34,053][DEBUG][1550422054047][buildRequest FCHelper.java:121][INICIO de parser XML de entrada]
[2019Feb17 12:17:34,064][DEBUG][584129550011_1550422054047][processRequest FCController.java:253][PASO 2: Consulta de datos linea RTBS]
[2019Feb17 12:17:53,057][INFO ][1550422073057][doPost ConsultaLineaServlet.java:55][XML Recibido: <?xml version="1.0" encoding="UTF-8"?>
<EAIMessage MessageId="" IntObjectName="PTSVQRYSERPRE">
	<IBX_ADP_IN_PARAMETERS>
		<PARAM name="SUBSYS" value="SIEBEL"/>        
		<PARAM name="MSISDN" value="584128888888"/>
	</IBX_ADP_IN_PARAMETERS>
</EAIMessage>]
[2019Feb17 12:17:53,058][DEBUG][1550422073057][getInstance FCController.java:147][ new Instance of ConsultaDeLinea with two Ccws Connections. ]
[2019Feb17 12:17:53,060][DEBUG][1550422073057][processRequest FCController.java:165][<?xml version="1.0" encoding="UTF-8"?>
<EAIMessage MessageId="" IntObjectName="PTSVQRYSERPRE">
	<IBX_ADP_IN_PARAMETERS>
		<PARAM name="SUBSYS" value="SIEBEL"/>        
		<PARAM name="MSISDN" value="584128888888"/>
	</IBX_ADP_IN_PARAMETERS>
</EAIMessage>]
[2019Feb17 12:17:53,061][DEBUG][1550422073057][processRequest FCController.java:175][PASO 1: Parser de XML de entrada y validacion de entrada]
[2019Feb17 12:17:53,062][DEBUG][1550422073057][buildRequest FCHelper.java:121][INICIO de parser XML de entrada]
[2019Feb17 12:17:53,073][DEBUG][584128888888_1550422073057][processRequest FCController.java:253][PASO 2: Consulta de datos linea RTBS]
